2026-07-08 11:05:19.977 -04:00 [INF] Starting App
2026-07-08 11:05:20.335 -04:00 [FTL] Budget App terminated unexpectedly
Microsoft.Extensions.Hosting.HostAbortedException: The host was aborted.
   at Microsoft.Extensions.Hosting.HostFactoryResolver.HostingListener.ThrowHostAborted()
   at Microsoft.Extensions.Hosting.HostFactoryResolver.HostingListener.OnNext(KeyValuePair`2 value)
   at System.Diagnostics.DiagnosticListener.Write(String name, Object value)
   at Microsoft.Extensions.Hosting.HostBuilder.ResolveHost(IServiceProvider serviceProvider, DiagnosticListener diagnosticListener)
   at Microsoft.Extensions.Hosting.HostApplicationBuilder.Build()
   at Microsoft.AspNetCore.Builder.WebApplicationBuilder.Build()
   at Program.<Main>$(String[] args) in C:\Projects\BudgetApp\BudgetApp\Program.cs:line 41
2026-07-08 18:31:52.385 -04:00 [INF] Starting App
2026-07-08 18:31:57.570 -04:00 [FTL] Budget App terminated unexpectedly
System.InvalidOperationException: An error was generated for warning 'Microsoft.EntityFrameworkCore.Migrations.PendingModelChangesWarning': The model for context 'AppDbContext' has pending changes. Add a new migration before updating the database. See https://aka.ms/efcore-docs-pending-changes. This exception can be suppressed or logged by passing event ID 'RelationalEventId.PendingModelChangesWarning' to the 'ConfigureWarnings' method in 'DbContext.OnConfiguring' or 'AddDbContext'.
   at Microsoft.EntityFrameworkCore.Diagnostics.EventDefinition`1.Log[TLoggerCategory](IDiagnosticsLogger`1 logger, TParam arg)
   at Microsoft.EntityFrameworkCore.Diagnostics.RelationalLoggerExtensions.PendingModelChangesWarning(IDiagnosticsLogger`1 diagnostics, Type contextType)
   at Microsoft.EntityFrameworkCore.Migrations.Internal.Migrator.ValidateMigrations(Boolean useTransaction, String targetMigration)
   at Microsoft.EntityFrameworkCore.Migrations.Internal.Migrator.MigrateAsync(String targetMigration, CancellationToken cancellationToken)
   at Program.<<Main>$>g__ApplyMigrationsAsync|0_1(WebApplication app) in C:\Users\mmistry.PREDICTANT\Downloads\BudgetApp\BudgetApp\BudgetApp\Program.cs:line 86
   at Program.<Main>$(String[] args) in C:\Users\mmistry.PREDICTANT\Downloads\BudgetApp\BudgetApp\BudgetApp\Program.cs:line 60
2026-07-08 18:34:44.834 -04:00 [INF] Starting App
2026-07-08 18:34:45.876 -04:00 [FTL] Budget App terminated unexpectedly
System.InvalidOperationException: An error was generated for warning 'Microsoft.EntityFrameworkCore.Migrations.PendingModelChangesWarning': The model for context 'AppDbContext' has pending changes. Add a new migration before updating the database. See https://aka.ms/efcore-docs-pending-changes. This exception can be suppressed or logged by passing event ID 'RelationalEventId.PendingModelChangesWarning' to the 'ConfigureWarnings' method in 'DbContext.OnConfiguring' or 'AddDbContext'.
   at Microsoft.EntityFrameworkCore.Diagnostics.EventDefinition`1.Log[TLoggerCategory](IDiagnosticsLogger`1 logger, TParam arg)
   at Microsoft.EntityFrameworkCore.Diagnostics.RelationalLoggerExtensions.PendingModelChangesWarning(IDiagnosticsLogger`1 diagnostics, Type contextType)
   at Microsoft.EntityFrameworkCore.Migrations.Internal.Migrator.ValidateMigrations(Boolean useTransaction, String targetMigration)
   at Microsoft.EntityFrameworkCore.Migrations.Internal.Migrator.MigrateAsync(String targetMigration, CancellationToken cancellationToken)
   at Program.<<Main>$>g__ApplyMigrationsAsync|0_1(WebApplication app) in C:\Users\mmistry.PREDICTANT\Downloads\BudgetApp\BudgetApp\BudgetApp\Program.cs:line 86
   at Program.<Main>$(String[] args) in C:\Users\mmistry.PREDICTANT\Downloads\BudgetApp\BudgetApp\BudgetApp\Program.cs:line 60
2026-07-08 18:35:48.803 -04:00 [INF] Starting App
2026-07-08 18:35:49.787 -04:00 [FTL] Budget App terminated unexpectedly
System.InvalidOperationException: An error was generated for warning 'Microsoft.EntityFrameworkCore.Migrations.PendingModelChangesWarning': The model for context 'AppDbContext' has pending changes. Add a new migration before updating the database. See https://aka.ms/efcore-docs-pending-changes. This exception can be suppressed or logged by passing event ID 'RelationalEventId.PendingModelChangesWarning' to the 'ConfigureWarnings' method in 'DbContext.OnConfiguring' or 'AddDbContext'.
   at Microsoft.EntityFrameworkCore.Diagnostics.EventDefinition`1.Log[TLoggerCategory](IDiagnosticsLogger`1 logger, TParam arg)
   at Microsoft.EntityFrameworkCore.Diagnostics.RelationalLoggerExtensions.PendingModelChangesWarning(IDiagnosticsLogger`1 diagnostics, Type contextType)
   at Microsoft.EntityFrameworkCore.Migrations.Internal.Migrator.ValidateMigrations(Boolean useTransaction, String targetMigration)
   at Microsoft.EntityFrameworkCore.Migrations.Internal.Migrator.MigrateAsync(String targetMigration, CancellationToken cancellationToken)
   at Program.<<Main>$>g__ApplyMigrationsAsync|0_1(WebApplication app) in C:\Users\mmistry.PREDICTANT\Downloads\BudgetApp\BudgetApp\BudgetApp\Program.cs:line 86
   at Program.<Main>$(String[] args) in C:\Users\mmistry.PREDICTANT\Downloads\BudgetApp\BudgetApp\BudgetApp\Program.cs:line 60
2026-07-08 18:37:02.854 -04:00 [INF] Starting App
2026-07-08 18:37:04.040 -04:00 [FTL] Budget App terminated unexpectedly
System.InvalidOperationException: An error was generated for warning 'Microsoft.EntityFrameworkCore.Migrations.PendingModelChangesWarning': The model for context 'AppDbContext' has pending changes. Add a new migration before updating the database. See https://aka.ms/efcore-docs-pending-changes. This exception can be suppressed or logged by passing event ID 'RelationalEventId.PendingModelChangesWarning' to the 'ConfigureWarnings' method in 'DbContext.OnConfiguring' or 'AddDbContext'.
   at Microsoft.EntityFrameworkCore.Diagnostics.EventDefinition`1.Log[TLoggerCategory](IDiagnosticsLogger`1 logger, TParam arg)
   at Microsoft.EntityFrameworkCore.Diagnostics.RelationalLoggerExtensions.PendingModelChangesWarning(IDiagnosticsLogger`1 diagnostics, Type contextType)
   at Microsoft.EntityFrameworkCore.Migrations.Internal.Migrator.ValidateMigrations(Boolean useTransaction, String targetMigration)
   at Microsoft.EntityFrameworkCore.Migrations.Internal.Migrator.MigrateAsync(String targetMigration, CancellationToken cancellationToken)
   at Program.<<Main>$>g__ApplyMigrationsAsync|0_1(WebApplication app) in C:\Users\mmistry.PREDICTANT\Downloads\BudgetApp\BudgetApp\BudgetApp\Program.cs:line 86
   at Program.<Main>$(String[] args) in C:\Users\mmistry.PREDICTANT\Downloads\BudgetApp\BudgetApp\BudgetApp\Program.cs:line 60
2026-07-08 18:37:46.510 -04:00 [INF] Starting App
2026-07-08 18:37:46.876 -04:00 [INF] Starting App2
2026-07-08 18:37:47.339 -04:00 [FTL] Budget App terminated unexpectedly
System.InvalidOperationException: An error was generated for warning 'Microsoft.EntityFrameworkCore.Migrations.PendingModelChangesWarning': The model for context 'AppDbContext' has pending changes. Add a new migration before updating the database. See https://aka.ms/efcore-docs-pending-changes. This exception can be suppressed or logged by passing event ID 'RelationalEventId.PendingModelChangesWarning' to the 'ConfigureWarnings' method in 'DbContext.OnConfiguring' or 'AddDbContext'.
   at Microsoft.EntityFrameworkCore.Diagnostics.EventDefinition`1.Log[TLoggerCategory](IDiagnosticsLogger`1 logger, TParam arg)
   at Microsoft.EntityFrameworkCore.Diagnostics.RelationalLoggerExtensions.PendingModelChangesWarning(IDiagnosticsLogger`1 diagnostics, Type contextType)
   at Microsoft.EntityFrameworkCore.Migrations.Internal.Migrator.ValidateMigrations(Boolean useTransaction, String targetMigration)
   at Microsoft.EntityFrameworkCore.Migrations.Internal.Migrator.MigrateAsync(String targetMigration, CancellationToken cancellationToken)
   at Program.<<Main>$>g__ApplyMigrationsAsync|0_1(WebApplication app) in C:\Users\mmistry.PREDICTANT\Downloads\BudgetApp\BudgetApp\BudgetApp\Program.cs:line 88
   at Program.<Main>$(String[] args) in C:\Users\mmistry.PREDICTANT\Downloads\BudgetApp\BudgetApp\BudgetApp\Program.cs:line 62
2026-07-08 18:38:10.253 -04:00 [INF] Starting App
2026-07-08 18:38:10.820 -04:00 [INF] Starting App2
2026-07-08 18:38:11.223 -04:00 [FTL] Budget App terminated unexpectedly
System.InvalidOperationException: An error was generated for warning 'Microsoft.EntityFrameworkCore.Migrations.PendingModelChangesWarning': The model for context 'AppDbContext' has pending changes. Add a new migration before updating the database. See https://aka.ms/efcore-docs-pending-changes. This exception can be suppressed or logged by passing event ID 'RelationalEventId.PendingModelChangesWarning' to the 'ConfigureWarnings' method in 'DbContext.OnConfiguring' or 'AddDbContext'.
   at Microsoft.EntityFrameworkCore.Diagnostics.EventDefinition`1.Log[TLoggerCategory](IDiagnosticsLogger`1 logger, TParam arg)
   at Microsoft.EntityFrameworkCore.Diagnostics.RelationalLoggerExtensions.PendingModelChangesWarning(IDiagnosticsLogger`1 diagnostics, Type contextType)
   at Microsoft.EntityFrameworkCore.Migrations.Internal.Migrator.ValidateMigrations(Boolean useTransaction, String targetMigration)
   at Microsoft.EntityFrameworkCore.Migrations.Internal.Migrator.MigrateAsync(String targetMigration, CancellationToken cancellationToken)
   at Program.<<Main>$>g__ApplyMigrationsAsync|0_1(WebApplication app) in C:\Users\mmistry.PREDICTANT\Downloads\BudgetApp\BudgetApp\BudgetApp\Program.cs:line 87
   at Program.<Main>$(String[] args) in C:\Users\mmistry.PREDICTANT\Downloads\BudgetApp\BudgetApp\BudgetApp\Program.cs:line 61
2026-07-08 18:38:25.431 -04:00 [INF] Starting App
2026-07-08 18:38:26.370 -04:00 [FTL] Budget App terminated unexpectedly
System.InvalidOperationException: An error was generated for warning 'Microsoft.EntityFrameworkCore.Migrations.PendingModelChangesWarning': The model for context 'AppDbContext' has pending changes. Add a new migration before updating the database. See https://aka.ms/efcore-docs-pending-changes. This exception can be suppressed or logged by passing event ID 'RelationalEventId.PendingModelChangesWarning' to the 'ConfigureWarnings' method in 'DbContext.OnConfiguring' or 'AddDbContext'.
   at Microsoft.EntityFrameworkCore.Diagnostics.EventDefinition`1.Log[TLoggerCategory](IDiagnosticsLogger`1 logger, TParam arg)
   at Microsoft.EntityFrameworkCore.Diagnostics.RelationalLoggerExtensions.PendingModelChangesWarning(IDiagnosticsLogger`1 diagnostics, Type contextType)
   at Microsoft.EntityFrameworkCore.Migrations.Internal.Migrator.ValidateMigrations(Boolean useTransaction, String targetMigration)
   at Microsoft.EntityFrameworkCore.Migrations.Internal.Migrator.MigrateAsync(String targetMigration, CancellationToken cancellationToken)
   at Program.<<Main>$>g__ApplyMigrationsAsync|0_1(WebApplication app) in C:\Users\mmistry.PREDICTANT\Downloads\BudgetApp\BudgetApp\BudgetApp\Program.cs:line 87
   at Program.<Main>$(String[] args) in C:\Users\mmistry.PREDICTANT\Downloads\BudgetApp\BudgetApp\BudgetApp\Program.cs:line 60
2026-07-08 18:39:06.885 -04:00 [INF] Starting App
2026-07-08 18:39:07.308 -04:00 [INF] Starting App2
2026-07-08 18:39:07.649 -04:00 [FTL] Budget App terminated unexpectedly
System.InvalidOperationException: An error was generated for warning 'Microsoft.EntityFrameworkCore.Migrations.PendingModelChangesWarning': The model for context 'AppDbContext' has pending changes. Add a new migration before updating the database. See https://aka.ms/efcore-docs-pending-changes. This exception can be suppressed or logged by passing event ID 'RelationalEventId.PendingModelChangesWarning' to the 'ConfigureWarnings' method in 'DbContext.OnConfiguring' or 'AddDbContext'.
   at Microsoft.EntityFrameworkCore.Diagnostics.EventDefinition`1.Log[TLoggerCategory](IDiagnosticsLogger`1 logger, TParam arg)
   at Microsoft.EntityFrameworkCore.Diagnostics.RelationalLoggerExtensions.PendingModelChangesWarning(IDiagnosticsLogger`1 diagnostics, Type contextType)
   at Microsoft.EntityFrameworkCore.Migrations.Internal.Migrator.ValidateMigrations(Boolean useTransaction, String targetMigration)
   at Microsoft.EntityFrameworkCore.Migrations.Internal.Migrator.MigrateAsync(String targetMigration, CancellationToken cancellationToken)
   at Program.<<Main>$>g__ApplyMigrationsAsync|0_1(WebApplication app) in C:\Users\mmistry.PREDICTANT\Downloads\BudgetApp\BudgetApp\BudgetApp\Program.cs:line 87
   at Program.<Main>$(String[] args) in C:\Users\mmistry.PREDICTANT\Downloads\BudgetApp\BudgetApp\BudgetApp\Program.cs:line 60
2026-07-08 18:41:41.898 -04:00 [INF] Starting App
2026-07-08 18:41:42.720 -04:00 [FTL] Budget App terminated unexpectedly
System.InvalidOperationException: An error was generated for warning 'Microsoft.EntityFrameworkCore.Migrations.PendingModelChangesWarning': The model for context 'AppDbContext' has pending changes. Add a new migration before updating the database. See https://aka.ms/efcore-docs-pending-changes. This exception can be suppressed or logged by passing event ID 'RelationalEventId.PendingModelChangesWarning' to the 'ConfigureWarnings' method in 'DbContext.OnConfiguring' or 'AddDbContext'.
   at Microsoft.EntityFrameworkCore.Diagnostics.EventDefinition`1.Log[TLoggerCategory](IDiagnosticsLogger`1 logger, TParam arg)
   at Microsoft.EntityFrameworkCore.Diagnostics.RelationalLoggerExtensions.PendingModelChangesWarning(IDiagnosticsLogger`1 diagnostics, Type contextType)
   at Microsoft.EntityFrameworkCore.Migrations.Internal.Migrator.ValidateMigrations(Boolean useTransaction, String targetMigration)
   at Microsoft.EntityFrameworkCore.Migrations.Internal.Migrator.MigrateAsync(String targetMigration, CancellationToken cancellationToken)
   at Program.<<Main>$>g__ApplyMigrationsAsync|0_1(WebApplication app) in C:\Users\mmistry.PREDICTANT\Downloads\BudgetApp\BudgetApp\BudgetApp\Program.cs:line 86
   at Program.<Main>$(String[] args) in C:\Users\mmistry.PREDICTANT\Downloads\BudgetApp\BudgetApp\BudgetApp\Program.cs:line 60
2026-07-08 18:42:06.170 -04:00 [INF] Starting App
2026-07-08 18:42:07.238 -04:00 [FTL] Budget App terminated unexpectedly
System.InvalidOperationException: An error was generated for warning 'Microsoft.EntityFrameworkCore.Migrations.PendingModelChangesWarning': The model for context 'AppDbContext' has pending changes. Add a new migration before updating the database. See https://aka.ms/efcore-docs-pending-changes. This exception can be suppressed or logged by passing event ID 'RelationalEventId.PendingModelChangesWarning' to the 'ConfigureWarnings' method in 'DbContext.OnConfiguring' or 'AddDbContext'.
   at Microsoft.EntityFrameworkCore.Diagnostics.EventDefinition`1.Log[TLoggerCategory](IDiagnosticsLogger`1 logger, TParam arg)
   at Microsoft.EntityFrameworkCore.Diagnostics.RelationalLoggerExtensions.PendingModelChangesWarning(IDiagnosticsLogger`1 diagnostics, Type contextType)
   at Microsoft.EntityFrameworkCore.Migrations.Internal.Migrator.ValidateMigrations(Boolean useTransaction, String targetMigration)
   at Microsoft.EntityFrameworkCore.Migrations.Internal.Migrator.MigrateAsync(String targetMigration, CancellationToken cancellationToken)
   at Program.<<Main>$>g__ApplyMigrationsAsync|0_1(WebApplication app) in C:\Users\mmistry.PREDICTANT\Downloads\BudgetApp\BudgetApp\BudgetApp\Program.cs:line 86
   at Program.<Main>$(String[] args) in C:\Users\mmistry.PREDICTANT\Downloads\BudgetApp\BudgetApp\BudgetApp\Program.cs:line 60
2026-07-08 18:43:50.819 -04:00 [INF] Starting App
2026-07-08 18:43:53.034 -04:00 [INF] Now listening on: http://localhost:5086
2026-07-08 18:43:53.042 -04:00 [INF] Application started. Press Ctrl+C to shut down.
2026-07-08 18:43:53.043 -04:00 [INF] Hosting environment: Development
2026-07-08 18:43:53.045 -04:00 [INF] Content root path: C:\Users\mmistry.PREDICTANT\Downloads\BudgetApp\BudgetApp\BudgetApp
2026-07-08 18:44:50.715 -04:00 [INF] Starting App
2026-07-08 18:44:54.286 -04:00 [INF] Now listening on: https://localhost:7069
2026-07-08 18:44:54.299 -04:00 [INF] Now listening on: http://localhost:5086
2026-07-08 18:44:54.303 -04:00 [INF] Application started. Press Ctrl+C to shut down.
2026-07-08 18:44:54.303 -04:00 [INF] Hosting environment: Development
2026-07-08 18:44:54.304 -04:00 [INF] Content root path: C:\Users\mmistry.PREDICTANT\Downloads\BudgetApp\BudgetApp\BudgetApp
2026-07-08 18:45:10.006 -04:00 [INF] User actual logged in
2026-07-08 18:45:16.881 -04:00 [WRN] Compiling a query which loads related collections for more than one collection navigation, either via 'Include' or through projection, but no 'QuerySplittingBehavior' has been configured. By default, Entity Framework will use 'QuerySplittingBehavior.SingleQuery', which can potentially result in slow query performance. See https://go.microsoft.com/fwlink/?linkid=2134277 for more information. To identify the query that's triggering this warning call 'ConfigureWarnings(w => w.Throw(RelationalEventId.MultipleCollectionIncludeWarning))'.
