2026-07-08 10:21:22.442 -04:00 [INF] Starting Budget App
2026-07-08 10:21:29.565 -04:00 [INF] Now listening on: https://localhost:7069
2026-07-08 10:21:29.570 -04:00 [INF] Now listening on: http://localhost:5086
2026-07-08 10:21:29.572 -04:00 [INF] Application started. Press Ctrl+C to shut down.
2026-07-08 10:21:29.572 -04:00 [INF] Hosting environment: Development
2026-07-08 10:21:29.572 -04:00 [INF] Content root path: C:\Projects\BudgetApp\BudgetApp
2026-07-08 10:21:36.338 -04:00 [INF] User mmistry logged in
2026-07-08 10:21:42.321 -04:00 [WRN] Compiling a query which loads related collections for more than one collection navigation, either via 'Include' or through projection, but no 'QuerySplittingBehavior' has been configured. By default, Entity Framework will use 'QuerySplittingBehavior.SingleQuery', which can potentially result in slow query performance. See https://go.microsoft.com/fwlink/?linkid=2134277 for more information. To identify the query that's triggering this warning call 'ConfigureWarnings(w => w.Throw(RelationalEventId.MultipleCollectionIncludeWarning))'.
2026-07-08 10:26:04.298 -04:00 [INF] Starting App
2026-07-08 10:26:06.531 -04:00 [INF] Now listening on: https://localhost:7069
2026-07-08 10:26:06.536 -04:00 [INF] Now listening on: http://localhost:5086
2026-07-08 10:26:06.538 -04:00 [INF] Application started. Press Ctrl+C to shut down.
2026-07-08 10:26:06.538 -04:00 [INF] Hosting environment: Development
2026-07-08 10:26:06.538 -04:00 [INF] Content root path: C:\Projects\BudgetApp\BudgetApp
2026-07-08 10:26:12.339 -04:00 [INF] User mmistry logged in
2026-07-08 10:26:30.864 -04:00 [WRN] Compiling a query which loads related collections for more than one collection navigation, either via 'Include' or through projection, but no 'QuerySplittingBehavior' has been configured. By default, Entity Framework will use 'QuerySplittingBehavior.SingleQuery', which can potentially result in slow query performance. See https://go.microsoft.com/fwlink/?linkid=2134277 for more information. To identify the query that's triggering this warning call 'ConfigureWarnings(w => w.Throw(RelationalEventId.MultipleCollectionIncludeWarning))'.
2026-07-08 10:31:52.965 -04:00 [INF] Starting App
2026-07-08 10:31:55.346 -04:00 [INF] Now listening on: https://localhost:7069
2026-07-08 10:31:55.352 -04:00 [INF] Now listening on: http://localhost:5086
2026-07-08 10:31:55.353 -04:00 [INF] Application started. Press Ctrl+C to shut down.
2026-07-08 10:31:55.353 -04:00 [INF] Hosting environment: Development
2026-07-08 10:31:55.353 -04:00 [INF] Content root path: C:\Projects\BudgetApp\BudgetApp
2026-07-08 10:32:00.555 -04:00 [INF] User mmistry logged in
2026-07-08 10:32:25.016 -04:00 [INF] User logged out
2026-07-08 10:32:30.074 -04:00 [INF] Created user actual
2026-07-08 10:32:45.868 -04:00 [INF] User actual logged in
2026-07-08 10:32:59.291 -04:00 [INF] Created budget YellowStone for user 2
2026-07-08 10:33:03.009 -04:00 [WRN] Compiling a query which loads related collections for more than one collection navigation, either via 'Include' or through projection, but no 'QuerySplittingBehavior' has been configured. By default, Entity Framework will use 'QuerySplittingBehavior.SingleQuery', which can potentially result in slow query performance. See https://go.microsoft.com/fwlink/?linkid=2134277 for more information. To identify the query that's triggering this warning call 'ConfigureWarnings(w => w.Throw(RelationalEventId.MultipleCollectionIncludeWarning))'.
2026-07-08 10:33:37.585 -04:00 [INF] Created category car
2026-07-08 10:33:54.411 -04:00 [INF] Created category hotel
2026-07-08 10:34:21.765 -04:00 [INF] Created category Junks
2026-07-08 10:34:57.325 -04:00 [INF] Created category misc
2026-07-08 10:35:24.834 -04:00 [INF] Created category utilities
2026-07-08 10:36:01.243 -04:00 [INF] Created category entertainment
2026-07-08 10:36:48.287 -04:00 [INF] Created category rentals
2026-07-08 10:37:10.497 -04:00 [INF] Auto-creating time-bound budget June 26 for user 2
2026-07-08 10:37:10.501 -04:00 [INF] Created budget June 26 for user 2
2026-07-08 10:39:59.397 -04:00 [INF] Auto-creating time-bound budget July 26 for user 2
2026-07-08 10:39:59.399 -04:00 [INF] Created budget July 26 for user 2
2026-07-08 10:47:25.796 -04:00 [INF] User logged out
2026-07-08 10:47:30.850 -04:00 [INF] User actual logged in
2026-07-08 10:55:10.858 -04:00 [INF] User logged out
2026-07-08 10:55:16.695 -04:00 [INF] User actual logged in
2026-07-08 10:56:46.281 -04:00 [INF] Updated category 3
2026-07-08 10:56:59.168 -04:00 [INF] Updated category 3
2026-07-08 10:57:56.022 -04:00 [INF] Updated category 9
2026-07-08 10:59:39.721 -04:00 [INF] User logged out
2026-07-08 10:59:42.813 -04:00 [INF] User mmistry logged in
2026-07-08 11:00:59.244 -04:00 [INF] Auto-creating time-bound budget August 26 for user 1
2026-07-08 11:00:59.249 -04:00 [INF] Created budget August 26 for user 1
2026-07-08 11:03:22.095 -04:00 [INF] User logged out
2026-07-08 11:03:25.400 -04:00 [INF] User actual logged in
2026-07-08 11:05:01.017 -04:00 [INF] Created budget Home Improvements for user 2
2026-07-08 11:05:27.430 -04:00 [INF] Auto-creating time-bound budget October 23 for user 2
2026-07-08 11:05:27.435 -04:00 [INF] Created budget October 23 for user 2
2026-07-08 11:06:57.449 -04:00 [INF] Auto-creating time-bound budget September 23 for user 2
2026-07-08 11:06:57.453 -04:00 [INF] Created budget September 23 for user 2
